<?xml version="1.0" encoding="UTF-8"?>
<!-- Generated by org.testng.reporters.JUnitReportReporter -->
<testsuite hostname="DESKTOP-3N0D4R6" failures="0" tests="1" name="TestRunner.TestRunner" time="16.754" errors="0" timestamp="18 Sep 2019 16:25:46 GMT" skipped="0">
  <testcase classname="TestRunner.TestRunner" name="feature" time="16.754"/>
</testsuite> <!-- TestRunner.TestRunner -->
